[debug] [2025-12-22T15:19:15.000Z] ----------------------------------------------------------------------
[debug] [2025-12-22T15:19:15.063Z] Command:       C:\Program Files\nodejs\node.exe C:\Users\Hakan\AppData\Roaming\npm\node_modules\firebase-tools\lib\bin\firebase.js emulators:start
[debug] [2025-12-22T15:19:15.063Z] CLI Version:   14.22.0
[debug] [2025-12-22T15:19:15.063Z] Platform:      win32
[debug] [2025-12-22T15:19:15.063Z] Node Version:  v22.20.0
[debug] [2025-12-22T15:19:15.064Z] Time:          Mon Dec 22 2025 18:19:15 GMT+0300 (GMT+03:00)
[debug] [2025-12-22T15:19:15.064Z] ----------------------------------------------------------------------
[debug] 
[debug] [2025-12-22T15:19:15.359Z] > command requires scopes: ["email","openid","https://www.googleapis.com/auth/cloudplatformprojects.readonly","https://www.googleapis.com/auth/firebase","https://www.googleapis.com/auth/cloud-platform"]
[debug] [2025-12-22T15:19:15.359Z] > authorizing via signed-in user (hakan.k3272@gmail.com)
[info] i  emulators: Starting emulators: functions, extensions {"metadata":{"emulator":{"name":"hub"},"message":"Starting emulators: functions, extensions"}}
[debug] [2025-12-22T15:19:15.363Z] Checked if tokens are valid: false, expires at: 1766341682925
[debug] [2025-12-22T15:19:15.363Z] Checked if tokens are valid: false, expires at: 1766341682925
[debug] [2025-12-22T15:19:15.363Z] > refreshing access token with scopes: []
[debug] [2025-12-22T15:19:15.365Z] >>> [apiv2][query] POST https://www.googleapis.com/oauth2/v3/token [none]
[debug] [2025-12-22T15:19:15.365Z] >>> [apiv2][body] POST https://www.googleapis.com/oauth2/v3/token [omitted]
[debug] [2025-12-22T15:19:15.964Z] <<< [apiv2][status] POST https://www.googleapis.com/oauth2/v3/token 200
[debug] [2025-12-22T15:19:15.965Z] <<< [apiv2][body] POST https://www.googleapis.com/oauth2/v3/token [omitted]
[debug] [2025-12-22T15:19:15.979Z] >>> [apiv2][query] GET https://cloudresourcemanager.googleapis.com/v1/projects/warning-5d457 [none]
[debug] [2025-12-22T15:19:17.343Z] <<< [apiv2][status] GET https://cloudresourcemanager.googleapis.com/v1/projects/warning-5d457 200
[debug] [2025-12-22T15:19:17.343Z] <<< [apiv2][body] GET https://cloudresourcemanager.googleapis.com/v1/projects/warning-5d457 {"projectNumber":"557249414775","projectId":"warning-5d457","lifecycleState":"ACTIVE","name":"Warning","labels":{"firebase":"enabled","firebase-core":"disabled"},"createTime":"2025-07-08T17:47:05.745971Z"}
[debug] [2025-12-22T15:19:17.352Z] [logging] Logging Emulator only supports listening on one address (127.0.0.1). Not listening on ::1
[debug] [2025-12-22T15:19:17.352Z] assigned listening specs for emulators {"user":{"hub":[{"address":"127.0.0.1","family":"IPv4","port":4400},{"address":"::1","family":"IPv6","port":4400}],"ui":[{"address":"127.0.0.1","family":"IPv4","port":4000},{"address":"::1","family":"IPv6","port":4000}],"logging":[{"address":"127.0.0.1","family":"IPv4","port":4500}]},"metadata":{"message":"assigned listening specs for emulators"}}
[debug] [2025-12-22T15:19:17.356Z] Emulator locator file path: C:\Users\Hakan\AppData\Local\Temp\hub-warning-5d457.json
[debug] [2025-12-22T15:19:17.356Z] [hub] writing locator at C:\Users\Hakan\AppData\Local\Temp\hub-warning-5d457.json
[debug] [2025-12-22T15:19:17.361Z] [Extensions] Started Extensions emulator, this is a noop.
[debug] [2025-12-22T15:19:17.364Z] [functions] Functions Emulator only supports listening on one address (127.0.0.1). Not listening on ::1
[debug] [2025-12-22T15:19:17.365Z] [eventarc] Eventarc Emulator only supports listening on one address (127.0.0.1). Not listening on ::1
[debug] [2025-12-22T15:19:17.365Z] [tasks] Cloud Tasks Emulator only supports listening on one address (127.0.0.1). Not listening on ::1
[debug] [2025-12-22T15:19:17.365Z] late-assigned ports for functions and eventarc emulators {"user":{"hub":[{"address":"127.0.0.1","family":"IPv4","port":4400},{"address":"::1","family":"IPv6","port":4400}],"ui":[{"address":"127.0.0.1","family":"IPv4","port":4000},{"address":"::1","family":"IPv6","port":4000}],"logging":[{"address":"127.0.0.1","family":"IPv4","port":4500}],"functions":[{"address":"127.0.0.1","family":"IPv4","port":5001}],"eventarc":[{"address":"127.0.0.1","family":"IPv4","port":9299}],"tasks":[{"address":"127.0.0.1","family":"IPv4","port":9499}]},"metadata":{"message":"late-assigned ports for functions and eventarc emulators"}}
[warn] !  functions: The following emulators are not running, calls to these services from the Functions emulator will affect production: apphosting, auth, firestore, database, hosting, pubsub, storage, dataconnect {"metadata":{"emulator":{"name":"functions"},"message":"The following emulators are not running, calls to these services from the Functions emulator will affect production: \u001b[1mapphosting, auth, firestore, database, hosting, pubsub, storage, dataconnect\u001b[22m"}}
[debug] [2025-12-22T15:19:17.500Z] defaultcredentials: writing to file C:\Users\Hakan\AppData\Roaming\firebase\hakan_k3272_gmail.com_application_default_credentials.json
[debug] [2025-12-22T15:19:17.503Z] Setting GAC to C:\Users\Hakan\AppData\Roaming\firebase\hakan_k3272_gmail.com_application_default_credentials.json {"metadata":{"emulator":{"name":"functions"},"message":"Setting GAC to C:\\Users\\Hakan\\AppData\\Roaming\\firebase\\hakan_k3272_gmail.com_application_default_credentials.json"}}
[debug] [2025-12-22T15:19:17.503Z] Checked if tokens are valid: true, expires at: 1766420354965
[debug] [2025-12-22T15:19:17.503Z] Checked if tokens are valid: true, expires at: 1766420354965
[debug] [2025-12-22T15:19:17.503Z] >>> [apiv2][query] GET https://firebase.googleapis.com/v1beta1/projects/warning-5d457/adminSdkConfig [none]
[debug] [2025-12-22T15:19:18.302Z] <<< [apiv2][status] GET https://firebase.googleapis.com/v1beta1/projects/warning-5d457/adminSdkConfig 200
[debug] [2025-12-22T15:19:18.303Z] <<< [apiv2][body] GET https://firebase.googleapis.com/v1beta1/projects/warning-5d457/adminSdkConfig {"projectId":"warning-5d457","storageBucket":"warning-5d457.firebasestorage.app"}
[debug] [2025-12-22T15:19:18.317Z] [Extensions] Connecting Extensions emulator, this is a noop.
[info] i  functions: Watching "C:\Users\Hakan\AndroidStudioProjects\Warning\functions" for Cloud Functions... {"metadata":{"emulator":{"name":"functions"},"message":"Watching \"C:\\Users\\Hakan\\AndroidStudioProjects\\Warning\\functions\" for Cloud Functions..."}}
[error] !!  functions: Failed to load function definition from source: FirebaseError: could not deploy functions because the "functions" directory was not found. Please create it or specify a different source directory in firebase.json {"metadata":{"emulator":{"name":"functions"},"message":"Failed to load function definition from source: FirebaseError: could not deploy functions because the \u001b[1m\"functions\"\u001b[22m directory was not found. Please create it or specify a different source directory in firebase.json"}}
[info] i  functions: Watching "C:\Users\Hakan\AndroidStudioProjects\Warning\warning-backend" for Cloud Functions... {"metadata":{"emulator":{"name":"functions"},"message":"Watching \"C:\\Users\\Hakan\\AndroidStudioProjects\\Warning\\warning-backend\" for Cloud Functions..."}}
[debug] [2025-12-22T15:19:18.325Z] Validating nodejs source
[warn] !  functions: package.json indicates an outdated version of firebase-functions. Please upgrade using npm install --save firebase-functions@latest in your functions directory. 
[warn] !  functions: Please note that there will be breaking changes when you upgrade. 
[debug] [2025-12-22T15:19:20.789Z] > [functions] package.json contents: {
  "name": "functions",
  "description": "Cloud Functions for Firebase",
  "scripts": {
    "lint": "eslint .",
    "serve": "firebase emulators:start --only functions",
    "shell": "firebase functions:shell",
    "start": "npm run shell",
    "deploy": "firebase deploy --only functions",
    "logs": "firebase functions:log"
  },
  "engines": {
    "node": "22"
  },
  "main": "index.js",
  "dependencies": {
    "firebase": "^12.7.0",
    "firebase-admin": "^12.7.0",
    "firebase-functions": "^6.0.1",
    "function": "^0.6.1"
  },
  "devDependencies": {
    "eslint": "^8.15.0",
    "eslint-config-google": "^0.14.0",
    "firebase-functions-test": "^3.1.0"
  },
  "private": true
}
[debug] [2025-12-22T15:19:20.790Z] Building nodejs source
[debug] [2025-12-22T15:19:20.790Z] Failed to find version of module node: reached end of search path C:\Users\Hakan\AndroidStudioProjects\Warning\warning-backend\node_modules
[info] +  functions: Using node@22 from host. 
[debug] [2025-12-22T15:19:20.792Z] Could not find functions.yaml. Must use http discovery
[debug] [2025-12-22T15:19:20.796Z] Found firebase-functions binary at 'C:\Users\Hakan\AndroidStudioProjects\Warning\warning-backend\node_modules\.bin\firebase-functions'
[info] Serving at port 8793

[debug] [2025-12-22T15:19:21.629Z] Got response from /__/functions.yaml {"endpoints":{"sendEmergency":{"availableMemoryMb":null,"timeoutSeconds":null,"minInstances":null,"maxInstances":null,"ingressSettings":null,"concurrency":null,"serviceAccountEmail":null,"vpc":null,"platform":"gcfv2","labels":{},"httpsTrigger":{},"entryPoint":"sendEmergency"}},"specVersion":"v1alpha1","requiredAPIs":[],"extensions":{}}
[debug] [2025-12-22T15:19:25.668Z] defaultcredentials: writing to file C:\Users\Hakan\AppData\Roaming\firebase\hakan_k3272_gmail.com_application_default_credentials.json
[debug] [2025-12-22T15:19:25.669Z] Setting GAC to C:\Users\Hakan\AppData\Roaming\firebase\hakan_k3272_gmail.com_application_default_credentials.json {"metadata":{"emulator":{"name":"functions"},"message":"Setting GAC to C:\\Users\\Hakan\\AppData\\Roaming\\firebase\\hakan_k3272_gmail.com_application_default_credentials.json"}}
[info] +  functions: Loaded functions definitions from source: sendEmergency. {"metadata":{"emulator":{"name":"functions"},"message":"Loaded functions definitions from source: sendEmergency."}}
[info] +  functions[us-central1-sendEmergency]: http function initialized (http://127.0.0.1:5001/warning-5d457/us-central1/sendEmergency). {"metadata":{"emulator":{"name":"functions"},"message":"\u001b[1mhttp\u001b[22m function initialized (http://127.0.0.1:5001/warning-5d457/us-central1/sendEmergency)."}}
[debug] [2025-12-22T15:19:25.676Z] Could not find VSCode notification endpoint: FetchError: request to http://localhost:40001/vscode/notify failed, reason: . If you are not running the Firebase Data Connect VSCode extension, this is expected and not an issue.
[info] 
┌─────────────────────────────────────────────────────────────┐
│ ✔  All emulators ready! It is now safe to connect your app. │
│ i  View Emulator UI at http://127.0.0.1:4000/               │
└─────────────────────────────────────────────────────────────┘

┌────────────┬────────────────┬──────────────────────────────────┐
│ Emulator   │ Host:Port      │ View in Emulator UI              │
├────────────┼────────────────┼──────────────────────────────────┤
│ Functions  │ 127.0.0.1:5001 │ http://127.0.0.1:4000/functions  │
├────────────┼────────────────┼──────────────────────────────────┤
│ Extensions │ 127.0.0.1:5001 │ http://127.0.0.1:4000/extensions │
└────────────┴────────────────┴──────────────────────────────────┘
  Emulator Hub host: 127.0.0.1 port: 4400
  Other reserved ports: 4500
┌─────────────────────────┬───────────────┬─────────────────────┐
│ Extension Instance Name │ Extension Ref │ View in Emulator UI │
└─────────────────────────┴───────────────┴─────────────────────┘
Issues? Report them at https://github.com/firebase/firebase-tools/issues and attach the *-debug.log files.
 
