kotlin version: 2.0.21
error message: org.jetbrains.kotlin.backend.common.BackendException: Backend Internal error: Exception during IR lowering
File being compiled: C:/Users/Hakan/AndroidStudioProjects/Warning/app/src/main/java/com/example/warning/presentation/viewModel/ProfileListenerViewModel.kt
The root cause java.lang.RuntimeException was thrown at: org.jetbrains.kotlin.backend.jvm.codegen.FunctionCodegen.generate(FunctionCodegen.kt:47)
	at org.jetbrains.kotlin.backend.common.CodegenUtil.reportBackendException(CodegenUtil.kt:253)
	at org.jetbrains.kotlin.backend.common.CodegenUtil.reportBackendException$default(CodegenUtil.kt:236)
	at org.jetbrains.kotlin.backend.common.phaser.PerformByIrFilePhase.invokeSequential(performByIrFile.kt:65)
	at org.jetbrains.kotlin.backend.common.phaser.PerformByIrFilePhase.invoke(performByIrFile.kt:52)
	at org.jetbrains.kotlin.backend.common.phaser.PerformByIrFilePhase.invoke(performByIrFile.kt:38)
	at org.jetbrains.kotlin.backend.common.phaser.NamedCompilerPhase.phaseBody(CompilerPhase.kt:166)
	at org.jetbrains.kotlin.backend.common.phaser.AbstractNamedCompilerPhase.invoke(CompilerPhase.kt:113)
	at org.jetbrains.kotlin.backend.common.phaser.CompositePhase.invoke(PhaseBuilders.kt:27)
	at org.jetbrains.kotlin.backend.common.phaser.CompositePhase.invoke(PhaseBuilders.kt:14)
	at org.jetbrains.kotlin.backend.common.phaser.NamedCompilerPhase.phaseBody(CompilerPhase.kt:166)
	at org.jetbrains.kotlin.backend.common.phaser.AbstractNamedCompilerPhase.invoke(CompilerPhase.kt:113)
	at org.jetbrains.kotlin.backend.common.phaser.CompilerPhaseKt.invokeToplevel(CompilerPhase.kt:62)
	at org.jetbrains.kotlin.backend.jvm.JvmIrCodegenFactory.invokeCodegen(JvmIrCodegenFactory.kt:371)
	at org.jetbrains.kotlin.codegen.CodegenFactory.generateModule(CodegenFactory.kt:47)
	at org.jetbrains.kotlin.backend.jvm.JvmIrCodegenFactory.generateModuleInFrontendIRMode(JvmIrCodegenFactory.kt:433)
	at org.jetbrains.kotlin.cli.jvm.compiler.pipeline.JvmCompilerPipelineKt.generateCodeFromIr(jvmCompilerPipeline.kt:246)
	at org.jetbrains.kotlin.cli.jvm.compiler.pipeline.JvmCompilerPipelineKt.compileModulesUsingFrontendIrAndLightTree(jvmCompilerPipeline.kt:142)
	at org.jetbrains.kotlin.cli.jvm.K2JVMCompiler.doExecute(K2JVMCompiler.kt:148)
	at org.jetbrains.kotlin.cli.jvm.K2JVMCompiler.doExecute(K2JVMCompiler.kt:43)
	at org.jetbrains.kotlin.cli.common.CLICompiler.execImpl(CLICompiler.kt:103)
	at org.jetbrains.kotlin.cli.common.CLICompiler.execImpl(CLICompiler.kt:49)
	at org.jetbrains.kotlin.cli.common.CLITool.exec(CLITool.kt:101)
	at org.jetbrains.kotlin.incremental.IncrementalJvmCompilerRunner.runCompiler(IncrementalJvmCompilerRunner.kt:464)
	at org.jetbrains.kotlin.incremental.IncrementalJvmCompilerRunner.runCompiler(IncrementalJvmCompilerRunner.kt:73)
	at org.jetbrains.kotlin.incremental.IncrementalCompilerRunner.doCompile(IncrementalCompilerRunner.kt:506)
	at org.jetbrains.kotlin.incremental.IncrementalCompilerRunner.compileImpl(IncrementalCompilerRunner.kt:423)
	at org.jetbrains.kotlin.incremental.IncrementalCompilerRunner.compileNonIncrementally(IncrementalCompilerRunner.kt:301)
	at org.jetbrains.kotlin.incremental.IncrementalCompilerRunner.compile(IncrementalCompilerRunner.kt:129)
	at org.jetbrains.kotlin.daemon.CompileServiceImplBase.execIncrementalCompiler(CompileServiceImpl.kt:675)
	at org.jetbrains.kotlin.daemon.CompileServiceImplBase.access$execIncrementalCompiler(CompileServiceImpl.kt:92)
	at org.jetbrains.kotlin.daemon.CompileServiceImpl.compile(CompileServiceImpl.kt:1660)
	at java.base/jdk.internal.reflect.DirectMethodHandleAccessor.invoke(Unknown Source)
	at java.base/java.lang.reflect.Method.invoke(Unknown Source)
	at java.rmi/sun.rmi.server.UnicastServerRef.dispatch(Unknown Source)
	at java.rmi/sun.rmi.transport.Transport$1.run(Unknown Source)
	at java.rmi/sun.rmi.transport.Transport$1.run(Unknown Source)
	at java.base/java.security.AccessController.doPrivileged(Unknown Source)
	at java.rmi/sun.rmi.transport.Transport.serviceCall(Unknown Source)
	at java.rmi/sun.rmi.transport.tcp.TCPTransport.handleMessages(Unknown Source)
	at java.rmi/sun.rmi.transport.tcp.TCPTransport$ConnectionHandler.run0(Unknown Source)
	at java.rmi/sun.rmi.transport.tcp.TCPTransport$ConnectionHandler.lambda$run$0(Unknown Source)
	at java.base/java.security.AccessController.doPrivileged(Unknown Source)
	at java.rmi/sun.rmi.transport.tcp.TCPTransport$ConnectionHandler.run(Unknown Source)
	at java.base/java.util.concurrent.ThreadPoolExecutor.runWorker(Unknown Source)
	at java.base/java.util.concurrent.ThreadPoolExecutor$Worker.run(Unknown Source)
	at java.base/java.lang.Thread.run(Unknown Source)
Caused by: java.lang.RuntimeException: Exception while generating code for:
FUN name:invokeSuspend visibility:public modality:FINAL <> ($this:com.example.warning.presentation.viewModel.ProfileListenerViewModel.<no name provided>, $result:kotlin.Result<kotlin.Any?>) returnType:kotlin.Any?
  overridden:
    protected abstract fun invokeSuspend ($result: kotlin.Result<kotlin.Any?>): kotlin.Any? declared in kotlin.coroutines.jvm.internal.SuspendLambda
  $this: VALUE_PARAMETER INSTANCE_RECEIVER name:<this> type:com.example.warning.presentation.viewModel.ProfileListenerViewModel.<no name provided>
  VALUE_PARAMETER name:$result index:0 type:kotlin.Result<kotlin.Any?>
  BLOCK_BODY
    CALL 'public final fun collectLatest <T> (action: kotlin.coroutines.SuspendFunction1<@[ParameterName(name = "value")] T of kotlinx.coroutines.flow.FlowKt.collectLatest, kotlin.Unit>, $completion: kotlin.coroutines.Continuation<kotlin.Unit>): kotlin.Any? [suspend] declared in kotlinx.coroutines.flow.FlowKt' type=kotlin.Unit origin=null
      <T>: com.example.warning.domain.model.Profile?
      $receiver: CALL 'public final fun getProfile ($completion: kotlin.coroutines.Continuation<kotlinx.coroutines.flow.Flow<com.example.warning.domain.model.Profile?>>): kotlin.Any? [suspend] declared in com.example.warning.domain.usecase.ProfileUseCases' type=kotlinx.coroutines.flow.Flow<com.example.warning.domain.model.Profile?> origin=null
        $this: CALL 'public final fun access$getProfileUseCases$p ($this: com.example.warning.presentation.viewModel.ProfileListenerViewModel): com.example.warning.domain.usecase.ProfileUseCases declared in com.example.warning.presentation.viewModel.ProfileListenerViewModel' type=com.example.warning.domain.usecase.ProfileUseCases origin=null
          $this: GET_FIELD 'FIELD FIELD_FOR_CAPTURED_VALUE name:this$0 type:com.example.warning.presentation.viewModel.ProfileListenerViewModel visibility:public/*package*/ [final] declared in com.example.warning.presentation.viewModel.ProfileListenerViewModel.<no name provided>' type=com.example.warning.presentation.viewModel.ProfileListenerViewModel origin=null
            receiver: GET_VAR '<this>: com.example.warning.presentation.viewModel.ProfileListenerViewModel.<no name provided> declared in com.example.warning.presentation.viewModel.ProfileListenerViewModel.<no name provided>.invokeSuspend' type=com.example.warning.presentation.viewModel.ProfileListenerViewModel.<no name provided> origin=null
        $completion: GET_VAR '<this>: com.example.warning.presentation.viewModel.ProfileListenerViewModel.<no name provided> declared in com.example.warning.presentation.viewModel.ProfileListenerViewModel.<no name provided>.invokeSuspend' type=com.example.warning.presentation.viewModel.ProfileListenerViewModel.<no name provided> origin=null
      action: BLOCK type=com.example.warning.presentation.viewModel.ProfileListenerViewModel.<no name provided>.invokeSuspend.<no name provided> origin=null
        CLASS SUSPEND_LAMBDA CLASS name:<no name provided> modality:FINAL visibility:public/*package*/ superTypes:[kotlin.coroutines.jvm.internal.SuspendLambda; kotlin.jvm.functions.Function2<com.example.warning.domain.model.Profile?, kotlin.coroutines.Continuation<kotlin.Unit>?, kotlin.Any?>]
          $this: VALUE_PARAMETER INSTANCE_RECEIVER name:<this> type:com.example.warning.presentation.viewModel.ProfileListenerViewModel.<no name provided>.invokeSuspend.<no name provided>
          FIELD name:label type:kotlin.Int visibility:public/*package*/
          FIELD FIELD_FOR_CAPTURED_VALUE name:L$0 type:kotlin.Any? visibility:public/*package*/
          CONSTRUCTOR SUSPEND_LAMBDA visibility:public/*package*/ <> (this$0:com.example.warning.presentation.viewModel.ProfileListenerViewModel, $completion:kotlin.coroutines.Continuation<com.example.warning.presentation.viewModel.ProfileListenerViewModel.<no name provided>.invokeSuspend.<no name provided>>?) returnType:com.example.warning.presentation.viewModel.ProfileListenerViewModel.<no name provided>.invokeSuspend.<no name provided> [primary]
            VALUE_PARAMETER BOUND_RECEIVER_PARAMETER name:this$0 index:0 type:com.example.warning.presentation.viewModel.ProfileListenerViewModel
            VALUE_PARAMETER name:$completion index:1 type:kotlin.coroutines.Continuation<com.example.warning.presentation.viewModel.ProfileListenerViewModel.<no name provided>.invokeSuspend.<no name provided>>?
            BLOCK_BODY
              SET_FIELD 'FIELD FIELD_FOR_CAPTURED_VALUE name:this$0 type:com.example.warning.presentation.viewModel.ProfileListenerViewModel visibility:public/*package*/ [final] declared in com.example.warning.presentation.viewModel.ProfileListenerViewModel.<no name provided>.invokeSuspend.<no name provided>' type=kotlin.Unit origin=INITIALIZER_OF_FIELD_FOR_CAPTURED_VALUE
                receiver: GET_VAR '<this>: com.example.warning.presentation.viewModel.ProfileListenerViewModel.<no name provided>.invokeSuspend.<no name provided> declared in com.example.warning.presentation.viewModel.ProfileListenerViewModel.<no name provided>.invokeSuspend.<no name provided>' type=com.example.warning.presentation.viewModel.ProfileListenerViewModel.<no name provided>.invokeSuspend.<no name provided> origin=null
                value: GET_VAR 'this$0: com.example.warning.presentation.viewModel.ProfileListenerViewModel declared in com.example.warning.presentation.viewModel.ProfileListenerViewModel.<no name provided>.invokeSuspend.<no name provided>.<init>' type=com.example.warning.presentation.viewModel.ProfileListenerViewModel origin=null
              DELEGATING_CONSTRUCTOR_CALL 'public constructor <init> (arity: kotlin.Int, $completion: kotlin.coroutines.Continuation<kotlin.Any?>?) declared in kotlin.coroutines.jvm.internal.SuspendLambda'
                arity: CONST Int type=kotlin.Int value=2
                $completion: GET_VAR '$completion: kotlin.coroutines.Continuation<com.example.warning.presentation.viewModel.ProfileListenerViewModel.<no name provided>.invokeSuspend.<no name provided>>? declared in com.example.warning.presentation.viewModel.ProfileListenerViewModel.<no name provided>.invokeSuspend.<no name provided>.<init>' type=kotlin.coroutines.Continuation<com.example.warning.presentation.viewModel.ProfileListenerViewModel.<no name provided>.invokeSuspend.<no name provided>>? origin=null
              BLOCK type=kotlin.Unit origin=null
          FUN name:invokeSuspend visibility:public modality:FINAL <> ($this:com.example.warning.presentation.viewModel.ProfileListenerViewModel.<no name provided>.invokeSuspend.<no name provided>, $result:kotlin.Result<kotlin.Any?>) returnType:kotlin.Any?
            overridden:
              protected abstract fun invokeSuspend ($result: kotlin.Result<kotlin.Any?>): kotlin.Any? declared in kotlin.coroutines.jvm.internal.SuspendLambda
            $this: VALUE_PARAMETER INSTANCE_RECEIVER name:<this> type:com.example.warning.presentation.viewModel.ProfileListenerViewModel.<no name provided>.invokeSuspend.<no name provided>
            VALUE_PARAMETER name:$result index:0 type:kotlin.Result<kotlin.Any?>
            BLOCK_BODY
              VAR name:profile type:com.example.warning.domain.model.Profile? [val]
                BLOCK type=com.example.warning.domain.model.Profile? origin=null
                  GET_FIELD 'FIELD FIELD_FOR_CAPTURED_VALUE name:L$0 type:kotlin.Any? visibility:public/*package*/ declared in com.example.warning.presentation.viewModel.ProfileListenerViewModel.<no name provided>.invokeSuspend.<no name provided>' type=com.example.warning.domain.model.Profile? origin=null
                    receiver: GET_VAR '<this>: com.example.warning.presentation.viewModel.ProfileListenerViewModel.<no name provided>.invokeSuspend.<no name provided> declared in com.example.warning.presentation.viewModel.ProfileListenerViewModel.<no name provided>.invokeSuspend.<no name provided>.invokeSuspend' type=com.example.warning.presentation.viewModel.ProfileListenerViewModel.<no name provided>.invokeSuspend.<no name provided> origin=null
              WHEN type=kotlin.Unit origin=IF
                BRANCH
                  if: CALL 'public final fun not (): kotlin.Boolean [operator] declared in kotlin.Boolean' type=kotlin.Boolean origin=EXCLEQ
                    $this: CALL 'public final fun EQEQ (arg0: kotlin.Any?, arg1: kotlin.Any?): kotlin.Boolean declared in kotlin.internal.ir' type=kotlin.Boolean origin=EXCLEQ
                      arg0: GET_VAR 'val profile: com.example.warning.domain.model.Profile? [val] declared in com.example.warning.presentation.viewModel.ProfileListenerViewModel.<no name provided>.invokeSuspend.<no name provided>.invokeSuspend' type=com.example.warning.domain.model.Profile? origin=null
                      arg1: CONST Null type=kotlin.Nothing? value=null
                  then: BLOCK type=kotlin.Unit origin=null
                    SET_FIELD 'FIELD IR_EXTERNAL_JAVA_DECLARATION_STUB name:phoneNumber type:kotlin.Int visibility:public [final,static] declared in android.R.attr' type=kotlin.Unit superQualifierSymbol=android.R.attr origin=EQ
                      value: CALL 'public final fun toInt (): kotlin.Int [inline] declared in kotlin.text.StringsKt' type=kotlin.Int origin=null
                        $receiver: CALL 'public final fun <get-phoneNumber> (): kotlin.String declared in com.example.warning.domain.model.Profile' type=kotlin.String origin=GET_PROPERTY
                          $this: GET_VAR 'val profile: com.example.warning.domain.model.Profile? [val] declared in com.example.warning.presentation.viewModel.ProfileListenerViewModel.<no name provided>.invokeSuspend.<no name provided>.invokeSuspend' type=com.example.warning.domain.model.Profile? origin=null
                    CALL 'public final fun startUserListener (phone: kotlin.String): kotlin.Unit declared in com.example.warning.presentation.viewModel.ProfileListenerViewModel' type=kotlin.Unit origin=null
                      $this: GET_FIELD 'FIELD FIELD_FOR_CAPTURED_VALUE name:this$0 type:com.example.warning.presentation.viewModel.ProfileListenerViewModel visibility:public/*package*/ [final] declared in com.example.warning.presentation.viewModel.ProfileListenerViewModel.<no name provided>.invokeSuspend.<no name provided>' type=com.example.warning.presentation.viewModel.ProfileListenerViewModel origin=null
                        receiver: GET_VAR '<this>: com.example.warning.presentation.viewModel.ProfileListenerViewModel.<no name provided>.invokeSuspend.<no name provided> declared in com.example.warning.presentation.viewModel.ProfileListenerViewModel.<no name provided>.invokeSuspend.<no name provided>.invokeSuspend' type=com.example.warning.presentation.viewModel.ProfileListenerViewModel.<no name provided>.invokeSuspend.<no name provided> origin=null
                      phone: CALL 'public final fun <get-phoneNumber> (): kotlin.String declared in com.example.warning.domain.model.Profile' type=kotlin.String origin=GET_PROPERTY
                        $this: GET_VAR 'val profile: com.example.warning.domain.model.Profile? [val] declared in com.example.warning.presentation.viewModel.ProfileListenerViewModel.<no name provided>.invokeSuspend.<no name provided>.invokeSuspend' type=com.example.warning.domain.model.Profile? origin=null
          FUN name:create visibility:public modality:FINAL <> ($this:com.example.warning.presentation.viewModel.ProfileListenerViewModel.<no name provided>.invokeSuspend.<no name provided>, value:kotlin.Any?, $completion:kotlin.coroutines.Continuation<kotlin.Nothing>) returnType:kotlin.coroutines.Continuation<kotlin.Unit>
            overridden:
              public open fun create (value: kotlin.Any?, $completion: kotlin.coroutines.Continuation<kotlin.Nothing>): kotlin.coroutines.Continuation<kotlin.Unit> declared in kotlin.coroutines.jvm.internal.SuspendLambda
            $this: VALUE_PARAMETER INSTANCE_RECEIVER name:<this> type:com.example.warning.presentation.viewModel.ProfileListenerViewModel.<no name provided>.invokeSuspend.<no name provided>
            VALUE_PARAMETER name:value index:0 type:kotlin.Any?
            VALUE_PARAMETER name:$completion index:1 type:kotlin.coroutines.Continuation<kotlin.Nothing>
            BLOCK_BODY
              VAR IR_TEMPORARY_VARIABLE name:tmp0_result type:com.example.warning.presentation.viewModel.ProfileListenerViewModel.<no name provided>.invokeSuspend.<no name provided> [val]
                CONSTRUCTOR_CALL 'public/*package*/ constructor <init> (this$0: com.example.warning.presentation.viewModel.ProfileListenerViewModel, $completion: kotlin.coroutines.Continuation<com.example.warning.presentation.viewModel.ProfileListenerViewModel.<no name provided>.invokeSuspend.<no name provided>>?) [primary] declared in com.example.warning.presentation.viewModel.ProfileListenerViewModel.<no name provided>.invokeSuspend.<no name provided>' type=com.example.warning.presentation.viewModel.ProfileListenerViewModel.<no name provided>.invokeSuspend.<no name provided> origin=null
                  this$0: GET_FIELD 'FIELD FIELD_FOR_CAPTURED_VALUE name:this$0 type:com.example.warning.presentation.viewModel.ProfileListenerViewModel visibility:public/*package*/ [final] declared in com.example.warning.presentation.viewModel.ProfileListenerViewModel.<no name provided>.invokeSuspend.<no name provided>' type=com.example.warning.presentation.viewModel.ProfileListenerViewModel origin=null
                    receiver: GET_VAR '<this>: com.example.warning.presentation.viewModel.ProfileListenerViewModel.<no name provided>.invokeSuspend.<no name provided> declared in com.example.warning.presentation.viewModel.ProfileListenerViewModel.<no name provided>.invokeSuspend.<no name provided>.create' type=com.example.warning.presentation.viewModel.ProfileListenerViewModel.<no name provided>.invokeSuspend.<no name provided> origin=null
                  $completion: GET_VAR '$completion: kotlin.coroutines.Continuation<kotlin.Nothing> declared in com.example.warning.presentation.viewModel.ProfileListenerViewModel.<no name provided>.invokeSuspend.<no name provided>.create' type=kotlin.coroutines.Continuation<kotlin.Nothing> origin=null
              SET_FIELD 'FIELD FIELD_FOR_CAPTURED_VALUE name:L$0 type:kotlin.Any? visibility:public/*package*/ declared in com.example.warning.presentation.viewModel.ProfileListenerViewModel.<no name provided>.invokeSuspend.<no name provided>' type=kotlin.Unit origin=null
                receiver: GET_VAR 'val tmp0_result: com.example.warning.presentation.viewModel.ProfileListenerViewModel.<no name provided>.invokeSuspend.<no name provided> [val] declared in com.example.warning.presentation.viewModel.ProfileListenerViewModel.<no name provided>.invokeSuspend.<no name provided>.create' type=com.example.warning.presentation.viewModel.ProfileListenerViewModel.<no name provided>.invokeSuspend.<no name provided> origin=null
                value: GET_VAR 'value: kotlin.Any? declared in com.example.warning.presentation.viewModel.ProfileListenerViewModel.<no name provided>.invokeSuspend.<no name provided>.create' type=kotlin.Any? origin=null
              RETURN type=kotlin.Nothing from='public final fun create (value: kotlin.Any?, $completion: kotlin.coroutines.Continuation<kotlin.Nothing>): kotlin.coroutines.Continuation<kotlin.Unit> declared in com.example.warning.presentation.viewModel.ProfileListenerViewModel.<no name provided>.invokeSuspend.<no name provided>'
                GET_VAR 'val tmp0_result: com.example.warning.presentation.viewModel.ProfileListenerViewModel.<no name provided>.invokeSuspend.<no name provided> [val] declared in com.example.warning.presentation.viewModel.ProfileListenerViewModel.<no name provided>.invokeSuspend.<no name provided>.create' type=com.example.warning.presentation.viewModel.ProfileListenerViewModel.<no name provided>.invokeSuspend.<no name provided> origin=null
          FUN name:invoke visibility:public modality:FINAL <> ($this:com.example.warning.presentation.viewModel.ProfileListenerViewModel.<no name provided>.invokeSuspend.<no name provided>, p1:com.example.warning.domain.model.Profile?, p2:kotlin.coroutines.Continuation<kotlin.Unit>?) returnType:kotlin.Any?
            overridden:
              public abstract fun invoke (p1: P1 of kotlin.jvm.functions.Function2, p2: P2 of kotlin.jvm.functions.Function2): R of kotlin.jvm.functions.Function2 declared in kotlin.jvm.functions.Function2
            $this: VALUE_PARAMETER INSTANCE_RECEIVER name:<this> type:com.example.warning.presentation.viewModel.ProfileListenerViewModel.<no name provided>.invokeSuspend.<no name provided>
            VALUE_PARAMETER name:p1 index:0 type:com.example.warning.domain.model.Profile?
            VALUE_PARAMETER name:p2 index:1 type:kotlin.coroutines.Continuation<kotlin.Unit>?
            BLOCK_BODY
              RETURN type=kotlin.Nothing from='public final fun invoke (p1: com.example.warning.domain.model.Profile?, p2: kotlin.coroutines.Continuation<kotlin.Unit>?): kotlin.Any? declared in com.example.warning.presentation.viewModel.ProfileListenerViewModel.<no name provided>.invokeSuspend.<no name provided>'
                CALL 'public final fun invokeSuspend ($result: kotlin.Result<kotlin.Any?>): kotlin.Any? declared in com.example.warning.presentation.viewModel.ProfileListenerViewModel.<no name provided>.invokeSuspend.<no name provided>' type=kotlin.Any? origin=null
                  $this: TYPE_OP type=com.example.warning.presentation.viewModel.ProfileListenerViewModel.<no name provided>.invokeSuspend.<no name provided> origin=IMPLICIT_CAST typeOperand=com.example.warning.presentation.viewModel.ProfileListenerViewModel.<no name provided>.invokeSuspend.<no name provided>
                    CALL 'public final fun create (value: kotlin.Any?, $completion: kotlin.coroutines.Continuation<kotlin.Nothing>): kotlin.coroutines.Continuation<kotlin.Unit> declared in com.example.warning.presentation.viewModel.ProfileListenerViewModel.<no name provided>.invokeSuspend.<no name provided>' type=kotlin.coroutines.Continuation<kotlin.Unit> origin=null
                      $this: GET_VAR '<this>: com.example.warning.presentation.viewModel.ProfileListenerViewModel.<no name provided>.invokeSuspend.<no name provided> declared in com.example.warning.presentation.viewModel.ProfileListenerViewModel.<no name provided>.invokeSuspend.<no name provided>.invoke' type=com.example.warning.presentation.viewModel.ProfileListenerViewModel.<no name provided>.invokeSuspend.<no name provided> origin=null
                      value: GET_VAR 'p1: com.example.warning.domain.model.Profile? declared in com.example.warning.presentation.viewModel.ProfileListenerViewModel.<no name provided>.invokeSuspend.<no name provided>.invoke' type=com.example.warning.domain.model.Profile? origin=null
                      $completion: GET_VAR 'p2: kotlin.coroutines.Continuation<kotlin.Unit>? declared in com.example.warning.presentation.viewModel.ProfileListenerViewModel.<no name provided>.invokeSuspend.<no name provided>.invoke' type=kotlin.coroutines.Continuation<kotlin.Unit>? origin=null
                  $result: CALL 'public final fun <unsafe-coerce> <T, R> (v: T of kotlin.jvm.internal.<unsafe-coerce>): R of kotlin.jvm.internal.<unsafe-coerce> declared in kotlin.jvm.internal' type=kotlin.Result<kotlin.Any?> origin=null
                    <T>: kotlin.Any?
                    <R>: kotlin.Result<kotlin.Any?>
                    v: GET_FIELD 'FIELD FIELD_FOR_OBJECT_INSTANCE name:INSTANCE type:kotlin.Unit visibility:public [final,static] declared in kotlin.Unit' type=kotlin.Unit origin=null
          FIELD FIELD_FOR_CAPTURED_VALUE name:this$0 type:com.example.warning.presentation.viewModel.ProfileListenerViewModel visibility:public/*package*/ [final]
          FUN BRIDGE name:invoke visibility:public modality:OPEN <> ($this:com.example.warning.presentation.viewModel.ProfileListenerViewModel.<no name provided>.invokeSuspend.<no name provided>, p1:kotlin.Any?, p2:kotlin.Any?) returnType:kotlin.Any?
            $this: VALUE_PARAMETER INSTANCE_RECEIVER name:<this> type:com.example.warning.presentation.viewModel.ProfileListenerViewModel.<no name provided>.invokeSuspend.<no name provided>
            VALUE_PARAMETER BRIDGE name:p1 index:0 type:kotlin.Any?
            VALUE_PARAMETER BRIDGE name:p2 index:1 type:kotlin.Any?
            EXPRESSION_BODY
              RETURN type=kotlin.Nothing from='public open fun invoke (p1: kotlin.Any?, p2: kotlin.Any?): kotlin.Any? declared in com.example.warning.presentation.viewModel.ProfileListenerViewModel.<no name provided>.invokeSuspend.<no name provided>'
                CALL 'public final fun invoke (p1: com.example.warning.domain.model.Profile?, p2: kotlin.coroutines.Continuation<kotlin.Unit>?): kotlin.Any? declared in com.example.warning.presentation.viewModel.ProfileListenerViewModel.<no name provided>.invokeSuspend.<no name provided>' type=kotlin.Any? origin=BRIDGE_DELEGATION
                  $this: GET_VAR '<this>: com.example.warning.presentation.viewModel.ProfileListenerViewModel.<no name provided>.invokeSuspend.<no name provided> declared in com.example.warning.presentation.viewModel.ProfileListenerViewModel.<no name provided>.invokeSuspend.<no name provided>.invoke' type=com.example.warning.presentation.viewModel.ProfileListenerViewModel.<no name provided>.invokeSuspend.<no name provided> origin=null
                  p1: TYPE_OP type=com.example.warning.domain.model.Profile origin=IMPLICIT_CAST typeOperand=com.example.warning.domain.model.Profile
                    GET_VAR 'p1: kotlin.Any? declared in com.example.warning.presentation.viewModel.ProfileListenerViewModel.<no name provided>.invokeSuspend.<no name provided>.invoke' type=kotlin.Any? origin=null
                  p2: TYPE_OP type=kotlin.coroutines.Continuation<*> origin=IMPLICIT_CAST typeOperand=kotlin.coroutines.Continuation<*>
                    GET_VAR 'p2: kotlin.Any? declared in com.example.warning.presentation.viewModel.ProfileListenerViewModel.<no name provided>.invokeSuspend.<no name provided>.invoke' type=kotlin.Any? origin=null
        CONSTRUCTOR_CALL 'public/*package*/ constructor <init> (this$0: com.example.warning.presentation.viewModel.ProfileListenerViewModel, $completion: kotlin.coroutines.Continuation<com.example.warning.presentation.viewModel.ProfileListenerViewModel.<no name provided>.invokeSuspend.<no name provided>>?) [primary] declared in com.example.warning.presentation.viewModel.ProfileListenerViewModel.<no name provided>.invokeSuspend.<no name provided>' type=com.example.warning.presentation.viewModel.ProfileListenerViewModel.<no name provided>.invokeSuspend.<no name provided> origin=null
          this$0: GET_FIELD 'FIELD FIELD_FOR_CAPTURED_VALUE name:this$0 type:com.example.warning.presentation.viewModel.ProfileListenerViewModel visibility:public/*package*/ [final] declared in com.example.warning.presentation.viewModel.ProfileListenerViewModel.<no name provided>' type=com.example.warning.presentation.viewModel.ProfileListenerViewModel origin=null
            receiver: GET_VAR '<this>: com.example.warning.presentation.viewModel.ProfileListenerViewModel.<no name provided> declared in com.example.warning.presentation.viewModel.ProfileListenerViewModel.<no name provided>.invokeSuspend' type=com.example.warning.presentation.viewModel.ProfileListenerViewModel.<no name provided> origin=null
          $completion: CONST Null type=kotlin.Nothing? value=null
      $completion: GET_VAR '<this>: com.example.warning.presentation.viewModel.ProfileListenerViewModel.<no name provided> declared in com.example.warning.presentation.viewModel.ProfileListenerViewModel.<no name provided>.invokeSuspend' type=com.example.warning.presentation.viewModel.ProfileListenerViewModel.<no name provided> origin=null

	at org.jetbrains.kotlin.backend.jvm.codegen.FunctionCodegen.generate(FunctionCodegen.kt:47)
	at org.jetbrains.kotlin.backend.jvm.codegen.FunctionCodegen.generate$default(FunctionCodegen.kt:40)
	at org.jetbrains.kotlin.backend.jvm.codegen.ClassCodegen.generateMethodNode(ClassCodegen.kt:406)
	at org.jetbrains.kotlin.backend.jvm.codegen.ClassCodegen.generateMethod(ClassCodegen.kt:423)
	at org.jetbrains.kotlin.backend.jvm.codegen.ClassCodegen.generate(ClassCodegen.kt:168)
	at org.jetbrains.kotlin.backend.jvm.codegen.ClassCodegen.generate(ClassCodegen.kt:181)
	at org.jetbrains.kotlin.backend.jvm.FileCodegen.lower(JvmPhases.kt:39)
	at org.jetbrains.kotlin.backend.common.phaser.PhaseFactoriesKt.createFilePhase$lambda$4(PhaseFactories.kt:71)
	at org.jetbrains.kotlin.backend.common.phaser.PhaseBuildersKt$createSimpleNamedCompilerPhase$1.phaseBody(PhaseBuilders.kt:69)
	at org.jetbrains.kotlin.backend.common.phaser.SimpleNamedCompilerPhase.phaseBody(CompilerPhase.kt:226)
	at org.jetbrains.kotlin.backend.common.phaser.AbstractNamedCompilerPhase.invoke(CompilerPhase.kt:113)
	at org.jetbrains.kotlin.backend.common.phaser.PerformByIrFilePhase.invokeSequential(performByIrFile.kt:62)
	... 43 more
Caused by: java.lang.RuntimeException: Exception while generating code for:
FUN name:invokeSuspend visibility:public modality:FINAL <> ($this:com.example.warning.presentation.viewModel.ProfileListenerViewModel.<no name provided>.invokeSuspend.<no name provided>, $result:kotlin.Result<kotlin.Any?>) returnType:kotlin.Any?
  overridden:
    protected abstract fun invokeSuspend ($result: kotlin.Result<kotlin.Any?>): kotlin.Any? declared in kotlin.coroutines.jvm.internal.SuspendLambda
  $this: VALUE_PARAMETER INSTANCE_RECEIVER name:<this> type:com.example.warning.presentation.viewModel.ProfileListenerViewModel.<no name provided>.invokeSuspend.<no name provided>
  VALUE_PARAMETER name:$result index:0 type:kotlin.Result<kotlin.Any?>
  BLOCK_BODY
    VAR name:profile type:com.example.warning.domain.model.Profile? [val]
      BLOCK type=com.example.warning.domain.model.Profile? origin=null
        GET_FIELD 'FIELD FIELD_FOR_CAPTURED_VALUE name:L$0 type:kotlin.Any? visibility:public/*package*/ declared in com.example.warning.presentation.viewModel.ProfileListenerViewModel.<no name provided>.invokeSuspend.<no name provided>' type=com.example.warning.domain.model.Profile? origin=null
          receiver: GET_VAR '<this>: com.example.warning.presentation.viewModel.ProfileListenerViewModel.<no name provided>.invokeSuspend.<no name provided> declared in com.example.warning.presentation.viewModel.ProfileListenerViewModel.<no name provided>.invokeSuspend.<no name provided>.invokeSuspend' type=com.example.warning.presentation.viewModel.ProfileListenerViewModel.<no name provided>.invokeSuspend.<no name provided> origin=null
    WHEN type=kotlin.Unit origin=IF
      BRANCH
        if: CALL 'public final fun not (): kotlin.Boolean [operator] declared in kotlin.Boolean' type=kotlin.Boolean origin=EXCLEQ
          $this: CALL 'public final fun EQEQ (arg0: kotlin.Any?, arg1: kotlin.Any?): kotlin.Boolean declared in kotlin.internal.ir' type=kotlin.Boolean origin=EXCLEQ
            arg0: GET_VAR 'val profile: com.example.warning.domain.model.Profile? [val] declared in com.example.warning.presentation.viewModel.ProfileListenerViewModel.<no name provided>.invokeSuspend.<no name provided>.invokeSuspend' type=com.example.warning.domain.model.Profile? origin=null
            arg1: CONST Null type=kotlin.Nothing? value=null
        then: BLOCK type=kotlin.Unit origin=null
          SET_FIELD 'FIELD IR_EXTERNAL_JAVA_DECLARATION_STUB name:phoneNumber type:kotlin.Int visibility:public [final,static] declared in android.R.attr' type=kotlin.Unit superQualifierSymbol=android.R.attr origin=EQ
            value: CALL 'public final fun toInt (): kotlin.Int [inline] declared in kotlin.text.StringsKt' type=kotlin.Int origin=null
              $receiver: CALL 'public final fun <get-phoneNumber> (): kotlin.String declared in com.example.warning.domain.model.Profile' type=kotlin.String origin=GET_PROPERTY
                $this: GET_VAR 'val profile: com.example.warning.domain.model.Profile? [val] declared in com.example.warning.presentation.viewModel.ProfileListenerViewModel.<no name provided>.invokeSuspend.<no name provided>.invokeSuspend' type=com.example.warning.domain.model.Profile? origin=null
          CALL 'public final fun startUserListener (phone: kotlin.String): kotlin.Unit declared in com.example.warning.presentation.viewModel.ProfileListenerViewModel' type=kotlin.Unit origin=null
            $this: GET_FIELD 'FIELD FIELD_FOR_CAPTURED_VALUE name:this$0 type:com.example.warning.presentation.viewModel.ProfileListenerViewModel visibility:public/*package*/ [final] declared in com.example.warning.presentation.viewModel.ProfileListenerViewModel.<no name provided>.invokeSuspend.<no name provided>' type=com.example.warning.presentation.viewModel.ProfileListenerViewModel origin=null
              receiver: GET_VAR '<this>: com.example.warning.presentation.viewModel.ProfileListenerViewModel.<no name provided>.invokeSuspend.<no name provided> declared in com.example.warning.presentation.viewModel.ProfileListenerViewModel.<no name provided>.invokeSuspend.<no name provided>.invokeSuspend' type=com.example.warning.presentation.viewModel.ProfileListenerViewModel.<no name provided>.invokeSuspend.<no name provided> origin=null
            phone: CALL 'public final fun <get-phoneNumber> (): kotlin.String declared in com.example.warning.domain.model.Profile' type=kotlin.String origin=GET_PROPERTY
              $this: GET_VAR 'val profile: com.example.warning.domain.model.Profile? [val] declared in com.example.warning.presentation.viewModel.ProfileListenerViewModel.<no name provided>.invokeSuspend.<no name provided>.invokeSuspend' type=com.example.warning.domain.model.Profile? origin=null

	at org.jetbrains.kotlin.backend.jvm.codegen.FunctionCodegen.generate(FunctionCodegen.kt:47)
	at org.jetbrains.kotlin.backend.jvm.codegen.FunctionCodegen.generate$default(FunctionCodegen.kt:40)
	at org.jetbrains.kotlin.backend.jvm.codegen.ClassCodegen.generateMethodNode(ClassCodegen.kt:406)
	at org.jetbrains.kotlin.backend.jvm.codegen.ClassCodegen.generateMethod(ClassCodegen.kt:423)
	at org.jetbrains.kotlin.backend.jvm.codegen.ClassCodegen.generate(ClassCodegen.kt:168)
	at org.jetbrains.kotlin.backend.jvm.codegen.ExpressionCodegen.visitClass(ExpressionCodegen.kt:1000)
	at org.jetbrains.kotlin.backend.jvm.codegen.ExpressionCodegen.visitClass(ExpressionCodegen.kt:138)
	at org.jetbrains.kotlin.ir.declarations.IrClass.accept(IrClass.kt:72)
	at org.jetbrains.kotlin.backend.jvm.codegen.ExpressionCodegen.visitStatementContainer(ExpressionCodegen.kt:579)
	at org.jetbrains.kotlin.backend.jvm.codegen.ExpressionCodegen.visitContainerExpression(ExpressionCodegen.kt:593)
	at org.jetbrains.kotlin.backend.jvm.codegen.ExpressionCodegen.visitContainerExpression(ExpressionCodegen.kt:138)
	at org.jetbrains.kotlin.ir.visitors.IrElementVisitor$DefaultImpls.visitBlock(IrElementVisitor.kt:122)
	at org.jetbrains.kotlin.backend.jvm.codegen.ExpressionCodegen.visitBlock(ExpressionCodegen.kt:413)
	at org.jetbrains.kotlin.backend.jvm.codegen.ExpressionCodegen.visitBlock(ExpressionCodegen.kt:138)
	at org.jetbrains.kotlin.ir.expressions.IrBlock.accept(IrBlock.kt:18)
	at org.jetbrains.kotlin.backend.jvm.codegen.ExpressionCodegen.gen(ExpressionCodegen.kt:217)
	at org.jetbrains.kotlin.backend.jvm.codegen.IrCallGenerator.genValueAndPut(IrCallGenerator.kt:48)
	at org.jetbrains.kotlin.backend.jvm.codegen.ExpressionCodegen.visitCall$handleParameter(ExpressionCodegen.kt:616)
	at org.jetbrains.kotlin.backend.jvm.codegen.ExpressionCodegen.visitCall(ExpressionCodegen.kt:644)
	at org.jetbrains.kotlin.backend.jvm.codegen.ExpressionCodegen.visitCall(ExpressionCodegen.kt:138)
	at org.jetbrains.kotlin.ir.expressions.IrCall.accept(IrCall.kt:24)
	at org.jetbrains.kotlin.backend.jvm.codegen.ExpressionCodegen.visitStatementContainer(ExpressionCodegen.kt:579)
	at org.jetbrains.kotlin.backend.jvm.codegen.ExpressionCodegen.visitBlockBody(ExpressionCodegen.kt:584)
	at org.jetbrains.kotlin.backend.jvm.codegen.ExpressionCodegen.visitBlockBody(ExpressionCodegen.kt:138)
	at org.jetbrains.kotlin.ir.expressions.IrBlockBody.accept(IrBlockBody.kt:20)
	at org.jetbrains.kotlin.backend.jvm.codegen.ExpressionCodegen.generate(ExpressionCodegen.kt:240)
	at org.jetbrains.kotlin.backend.jvm.codegen.FunctionCodegen.doGenerate(FunctionCodegen.kt:123)
	at org.jetbrains.kotlin.backend.jvm.codegen.FunctionCodegen.generate(FunctionCodegen.kt:44)
	... 54 more
Caused by: java.lang.AssertionError: access of const val: SET_FIELD 'FIELD IR_EXTERNAL_JAVA_DECLARATION_STUB name:phoneNumber type:kotlin.Int visibility:public [final,static] declared in android.R.attr' type=kotlin.Unit superQualifierSymbol=android.R.attr origin=EQ
  value: CALL 'public final fun toInt (): kotlin.Int [inline] declared in kotlin.text.StringsKt' type=kotlin.Int origin=null
    $receiver: CALL 'public final fun <get-phoneNumber> (): kotlin.String declared in com.example.warning.domain.model.Profile' type=kotlin.String origin=GET_PROPERTY
      $this: GET_VAR 'val profile: com.example.warning.domain.model.Profile? [val] declared in com.example.warning.presentation.viewModel.ProfileListenerViewModel.<no name provided>.invokeSuspend.<no name provided>.invokeSuspend' type=com.example.warning.domain.model.Profile? origin=null

	at org.jetbrains.kotlin.backend.jvm.codegen.ExpressionCodegen.visitFieldAccess(ExpressionCodegen.kt:861)
	at org.jetbrains.kotlin.backend.jvm.codegen.ExpressionCodegen.visitFieldAccess(ExpressionCodegen.kt:138)
	at org.jetbrains.kotlin.ir.visitors.IrElementVisitor$DefaultImpls.visitSetField(IrElementVisitor.kt:206)
	at org.jetbrains.kotlin.backend.jvm.codegen.ExpressionCodegen.visitSetField(ExpressionCodegen.kt:908)
	at org.jetbrains.kotlin.backend.jvm.codegen.ExpressionCodegen.visitSetField(ExpressionCodegen.kt:138)
	at org.jetbrains.kotlin.ir.expressions.IrSetField.accept(IrSetField.kt:21)
	at org.jetbrains.kotlin.backend.jvm.codegen.ExpressionCodegen.visitStatementContainer(ExpressionCodegen.kt:579)
	at org.jetbrains.kotlin.backend.jvm.codegen.ExpressionCodegen.visitContainerExpression(ExpressionCodegen.kt:593)
	at org.jetbrains.kotlin.backend.jvm.codegen.ExpressionCodegen.visitContainerExpression(ExpressionCodegen.kt:138)
	at org.jetbrains.kotlin.ir.visitors.IrElementVisitor$DefaultImpls.visitBlock(IrElementVisitor.kt:122)
	at org.jetbrains.kotlin.backend.jvm.codegen.ExpressionCodegen.visitBlock(ExpressionCodegen.kt:413)
	at org.jetbrains.kotlin.backend.jvm.codegen.ExpressionCodegen.visitBlock(ExpressionCodegen.kt:138)
	at org.jetbrains.kotlin.ir.expressions.IrBlock.accept(IrBlock.kt:18)
	at org.jetbrains.kotlin.backend.jvm.codegen.ExpressionCodegen.visitWhen(ExpressionCodegen.kt:1101)
	at org.jetbrains.kotlin.backend.jvm.codegen.ExpressionCodegen.visitWhen(ExpressionCodegen.kt:138)
	at org.jetbrains.kotlin.ir.expressions.IrWhen.accept(IrWhen.kt:24)
	at org.jetbrains.kotlin.backend.jvm.codegen.ExpressionCodegen.visitStatementContainer(ExpressionCodegen.kt:579)
	at org.jetbrains.kotlin.backend.jvm.codegen.ExpressionCodegen.visitBlockBody(ExpressionCodegen.kt:584)
	at org.jetbrains.kotlin.backend.jvm.codegen.ExpressionCodegen.visitBlockBody(ExpressionCodegen.kt:138)
	at org.jetbrains.kotlin.ir.expressions.IrBlockBody.accept(IrBlockBody.kt:20)
	at org.jetbrains.kotlin.backend.jvm.codegen.ExpressionCodegen.generate(ExpressionCodegen.kt:240)
	at org.jetbrains.kotlin.backend.jvm.codegen.FunctionCodegen.doGenerate(FunctionCodegen.kt:123)
	at org.jetbrains.kotlin.backend.jvm.codegen.FunctionCodegen.generate(FunctionCodegen.kt:44)
	... 81 more


